<?xml version="1.0" encoding="UTF-8"?>
<testng-results skipped="0" failed="0" ignored="0" total="2" passed="2">
  <reporter-output>
  </reporter-output>
  <suite name="Default suite" duration-ms="11873" started-at="2018-10-29T20:12:01Z" finished-at="2018-10-29T20:12:13Z">
    <groups>
      <group name="cucumber">
        <method signature="AbstractTestNGCucumberTests.runScenario(cucumber.api.testng.PickleEventWrapper, cucumber.api.testng.CucumberFeatureWrapper)[pri:0, instance:com.app.runners.CukesRunner@69ea3742]" name="runScenario" class="cucumber.api.testng.AbstractTestNGCucumberTests"/>
      </group> <!-- cucumber -->
    </groups>
    <test name="Default test" duration-ms="11873" started-at="2018-10-29T20:12:01Z" finished-at="2018-10-29T20:12:13Z">
      <class name="com.app.runners.CukesRunner">
        <test-method status="PASS" signature="setUpClass()[pri:0, instance:com.app.runners.CukesRunner@69ea3742]" name="setUpClass" is-config="true" duration-ms="307" started-at="2018-10-29T20:12:01Z" finished-at="2018-10-29T20:12:01Z">
          <reporter-output>
          </reporter-output>
        </test-method> <!-- setUpClass -->
        <test-method status="PASS" signature="runScenario(cucumber.api.testng.PickleEventWrapper, cucumber.api.testng.CucumberFeatureWrapper)[pri:0, instance:com.app.runners.CukesRunner@69ea3742]" name="runScenario" duration-ms="9262" started-at="2018-10-29T20:12:01Z" description="Runs Cucumber Scenarios" data-provider="scenarios" finished-at="2018-10-29T20:12:11Z">
          <params>
            <param index="0">
              <value>
                <![CDATA["User can login"]]>
              </value>
            </param>
            <param index="1">
              <value>
                <![CDATA["Login with valid username and password"]]>
              </value>
            </param>
          </params>
          <reporter-output>
          </reporter-output>
        </test-method> <!-- runScenario -->
        <test-method status="PASS" signature="runScenario(cucumber.api.testng.PickleEventWrapper, cucumber.api.testng.CucumberFeatureWrapper)[pri:0, instance:com.app.runners.CukesRunner@69ea3742]" name="runScenario" duration-ms="1989" started-at="2018-10-29T20:12:11Z" description="Runs Cucumber Scenarios" data-provider="scenarios" finished-at="2018-10-29T20:12:13Z">
          <params>
            <param index="0">
              <value>
                <![CDATA["Title of your scenario"]]>
              </value>
            </param>
            <param index="1">
              <value>
                <![CDATA["Logout from OrangeHRM"]]>
              </value>
            </param>
          </params>
          <reporter-output>
          </reporter-output>
        </test-method> <!-- runScenario -->
        <test-method status="PASS" signature="tearDownClass()[pri:0, instance:com.app.runners.CukesRunner@69ea3742]" name="tearDownClass" is-config="true" duration-ms="168" started-at="2018-10-29T20:12:13Z" finished-at="2018-10-29T20:12:13Z">
          <reporter-output>
          </reporter-output>
        </test-method> <!-- tearDownClass -->
      </class> <!-- com.app.runners.CukesRunner -->
    </test> <!-- Default test -->
  </suite> <!-- Default suite -->
</testng-results>
